<?xml version="1.0" encoding="UTF-8"?>
<TestRun id="74a0b0f5-2183-4271-8b10-4e86f85bf94c" name="soundararajan@CRASHNBURN 2014-03-07 22:15:17" runUser="crashnburn\soundararajan" xmlns="http://microsoft.com/schemas/VisualStudio/TeamTest/2010">
  <TestSettings name="Default Test Settings" id="ece2b1b7-dda2-4d6e-a4da-86e48b488018">
    <Execution>
      <TestTypeSpecific />
      <AgentRule name="Execution Agents">
      </AgentRule>
    </Execution>
    <Deployment runDeploymentRoot="soundararajan_CRASHNBURN 2014-03-07 22_15_17" />
  </TestSettings>
  <Times creation="2014-03-07T22:15:17.4255264+05:30" queuing="2014-03-07T22:15:19.2068704+05:30" start="2014-03-07T22:15:19.4412637+05:30" finish="2014-03-07T22:15:20.4100601+05:30" />
  <ResultSummary outcome="Failed">
    <Counters total="10" executed="10" passed="8" error="0" failed="2" timeout="0" aborted="0" inconclusive="0" passedButRunAborted="0" notRunnable="0" notExecuted="0" disconnected="0" warning="0" completed="0" inProgress="0" pending="0" />
  </ResultSummary>
  <TestDefinitions>
    <UnitTest name="Throws_FileNotFoundException_When_File_Doesnt_Exist" storage="c:\users\soundararajan\documents\arduinoidewrapper\arduinowrapper.tests\bin\opencover\arduinoidewrapper.tests.dll" id="17349136-81c4-a831-462e-423b0ace677b">
      <Execution id="2203312d-2cc7-4551-898d-62e17bf297cb" />
      <TestMethod codeBase="C:/Users/soundararajan/Documents/ArduinoIDEWrapper/ArduinoWrapper.Tests/bin/OpenCover/ArduinoIDEWrapper.Tests.DLL" adapterTypeName="Microsoft.VisualStudio.TestTools.TestTypes.Unit.UnitTestAdapter, Microsoft.VisualStudio.QualityTools.Tips.UnitTest.Adapter, Version=10.0.0.0, Culture=neutral, PublicKeyToken=b03f5f7f11d50a3a" className="ArduinoWrapper.Tests.Example.Service.Tests.ArduinoExampleSketchTests, ArduinoIDEWrapper.Tests, Version=1.0.0.0, Culture=neutral, PublicKeyToken=null" name="Throws_FileNotFoundException_When_File_Doesnt_Exist" />
    </UnitTest>
    <UnitTest name="Throws_FileNotFoundException_When_File_Argument_Is_Empty" storage="c:\users\soundararajan\documents\arduinoidewrapper\arduinowrapper.tests\bin\opencover\arduinoidewrapper.tests.dll" id="af2ae42d-6a70-4509-8ee7-ffa86713ae5b">
      <Execution id="c723a097-4786-44c0-bdce-af72ed4f2cfd" />
      <TestMethod codeBase="C:/Users/soundararajan/Documents/ArduinoIDEWrapper/ArduinoWrapper.Tests/bin/OpenCover/ArduinoIDEWrapper.Tests.DLL" adapterTypeName="Microsoft.VisualStudio.TestTools.TestTypes.Unit.UnitTestAdapter, Microsoft.VisualStudio.QualityTools.Tips.UnitTest.Adapter, Version=10.0.0.0, Culture=neutral, PublicKeyToken=b03f5f7f11d50a3a" className="ArduinoWrapper.Tests.Example.Service.Tests.ArduinoExampleSketchTests, ArduinoIDEWrapper.Tests, Version=1.0.0.0, Culture=neutral, PublicKeyToken=null" name="Throws_FileNotFoundException_When_File_Argument_Is_Empty" />
    </UnitTest>
    <UnitTest name="TestForNull" storage="c:\users\soundararajan\documents\arduinoidewrapper\arduinowrapper.tests\bin\opencover\arduinoidewrapper.tests.dll" id="f7bdd147-d8af-1ca0-698b-ded82caed1fa">
      <Execution id="05e648b4-bb25-4a16-b72d-3cf13cbff6a7" />
      <TestMethod codeBase="C:/Users/soundararajan/Documents/ArduinoIDEWrapper/ArduinoWrapper.Tests/bin/OpenCover/ArduinoIDEWrapper.Tests.DLL" adapterTypeName="Microsoft.VisualStudio.TestTools.TestTypes.Unit.UnitTestAdapter, Microsoft.VisualStudio.QualityTools.Tips.UnitTest.Adapter, Version=10.0.0.0, Culture=neutral, PublicKeyToken=b03f5f7f11d50a3a" className="ArduinoWrapper.Tests.IDE.Service.ArduinoIDETests, ArduinoIDEWrapper.Tests, Version=1.0.0.0, Culture=neutral, PublicKeyToken=null" name="TestForNull" />
    </UnitTest>
    <UnitTest name="Test_If_The_IDE_Instance_Is_Created_Properly_And_All_Properties_Are_Are_Non_Null" storage="c:\users\soundararajan\documents\arduinoidewrapper\arduinowrapper.tests\bin\opencover\arduinoidewrapper.tests.dll" id="1c8f4412-ed5f-fec0-a611-3bebc5dce60e">
      <TestCategory>
        <TestCategoryItem TestCategory="RequireInstallation" />
      </TestCategory>
      <Execution id="8f510a5c-edf7-4ada-8c71-fc34d0b53903" />
      <TestMethod codeBase="C:/Users/soundararajan/Documents/ArduinoIDEWrapper/ArduinoWrapper.Tests/bin/OpenCover/ArduinoIDEWrapper.Tests.DLL" adapterTypeName="Microsoft.VisualStudio.TestTools.TestTypes.Unit.UnitTestAdapter, Microsoft.VisualStudio.QualityTools.Tips.UnitTest.Adapter, Version=10.0.0.0, Culture=neutral, PublicKeyToken=b03f5f7f11d50a3a" className="ArduinoWrapper.Tests.IDE.Service.ArduinoIDETests, ArduinoIDEWrapper.Tests, Version=1.0.0.0, Culture=neutral, PublicKeyToken=null" name="Test_If_The_IDE_Instance_Is_Created_Properly_And_All_Properties_Are_Are_Non_Null" />
    </UnitTest>
    <UnitTest name="TestForNonNull" storage="c:\users\soundararajan\documents\arduinoidewrapper\arduinowrapper.tests\bin\opencover\arduinoidewrapper.tests.dll" id="db0a26d7-20ca-5e14-a363-4d9b915568f2">
      <TestCategory>
        <TestCategoryItem TestCategory="RequireInstallation" />
      </TestCategory>
      <Execution id="7420abee-506a-4e6a-8dfd-0a2a5d192a43" />
      <TestMethod codeBase="C:/Users/soundararajan/Documents/ArduinoIDEWrapper/ArduinoWrapper.Tests/bin/OpenCover/ArduinoIDEWrapper.Tests.DLL" adapterTypeName="Microsoft.VisualStudio.TestTools.TestTypes.Unit.UnitTestAdapter, Microsoft.VisualStudio.QualityTools.Tips.UnitTest.Adapter, Version=10.0.0.0, Culture=neutral, PublicKeyToken=b03f5f7f11d50a3a" className="ArduinoWrapper.Tests.InstallationServiceTests, ArduinoIDEWrapper.Tests, Version=1.0.0.0, Culture=neutral, PublicKeyToken=null" name="TestForNonNull" />
    </UnitTest>
    <UnitTest name="Test_If_Examples_Are_Enumerated_Without_Errors" storage="c:\users\soundararajan\documents\arduinoidewrapper\arduinowrapper.tests\bin\opencover\arduinoidewrapper.tests.dll" id="d97eceab-864b-b303-9cd7-bea4a86b789e">
      <TestCategory>
        <TestCategoryItem TestCategory="RequireInstallation" />
      </TestCategory>
      <Execution id="8e0514eb-23ea-49a0-8d6a-d0c4a5e946ca" />
      <TestMethod codeBase="C:/Users/soundararajan/Documents/ArduinoIDEWrapper/ArduinoWrapper.Tests/bin/OpenCover/ArduinoIDEWrapper.Tests.DLL" adapterTypeName="Microsoft.VisualStudio.TestTools.TestTypes.Unit.UnitTestAdapter, Microsoft.VisualStudio.QualityTools.Tips.UnitTest.Adapter, Version=10.0.0.0, Culture=neutral, PublicKeyToken=b03f5f7f11d50a3a" className="ArduinoWrapper.Tests.Example.Service.Tests.ArduinoExampleSketchTests, ArduinoIDEWrapper.Tests, Version=1.0.0.0, Culture=neutral, PublicKeyToken=null" name="Test_If_Examples_Are_Enumerated_Without_Errors" />
    </UnitTest>
    <UnitTest name="Throws_FileNotFoundException_When_File_Argument_Is_Null" storage="c:\users\soundararajan\documents\arduinoidewrapper\arduinowrapper.tests\bin\opencover\arduinoidewrapper.tests.dll" id="0a6551a6-e8c6-3b31-070a-da1d9e7ad196">
      <Execution id="a4718cf3-3a82-4f41-936c-d10879ea5f20" />
      <TestMethod codeBase="C:/Users/soundararajan/Documents/ArduinoIDEWrapper/ArduinoWrapper.Tests/bin/OpenCover/ArduinoIDEWrapper.Tests.DLL" adapterTypeName="Microsoft.VisualStudio.TestTools.TestTypes.Unit.UnitTestAdapter, Microsoft.VisualStudio.QualityTools.Tips.UnitTest.Adapter, Version=10.0.0.0, Culture=neutral, PublicKeyToken=b03f5f7f11d50a3a" className="ArduinoWrapper.Tests.Example.Service.Tests.ArduinoExampleSketchTests, ArduinoIDEWrapper.Tests, Version=1.0.0.0, Culture=neutral, PublicKeyToken=null" name="Throws_FileNotFoundException_When_File_Argument_Is_Null" />
    </UnitTest>
    <UnitTest name="TestForUnexpectedEmptyString" storage="c:\users\soundararajan\documents\arduinoidewrapper\arduinowrapper.tests\bin\opencover\arduinoidewrapper.tests.dll" id="00ddab18-45a3-7525-b552-1755b9c3b941">
      <TestCategory>
        <TestCategoryItem TestCategory="RequireInstallation" />
      </TestCategory>
      <Execution id="b1ae9a0d-3a27-4c41-aafb-df480cc5d8d4" />
      <TestMethod codeBase="C:/Users/soundararajan/Documents/ArduinoIDEWrapper/ArduinoWrapper.Tests/bin/OpenCover/ArduinoIDEWrapper.Tests.DLL" adapterTypeName="Microsoft.VisualStudio.TestTools.TestTypes.Unit.UnitTestAdapter, Microsoft.VisualStudio.QualityTools.Tips.UnitTest.Adapter, Version=10.0.0.0, Culture=neutral, PublicKeyToken=b03f5f7f11d50a3a" className="ArduinoWrapper.Tests.IDE.Service.ArduinoIDETests, ArduinoIDEWrapper.Tests, Version=1.0.0.0, Culture=neutral, PublicKeyToken=null" name="TestForUnexpectedEmptyString" />
    </UnitTest>
    <UnitTest name="TestForUnexpectedPath" storage="c:\users\soundararajan\documents\arduinoidewrapper\arduinowrapper.tests\bin\opencover\arduinoidewrapper.tests.dll" id="efc713c5-fe8c-fd4b-1e61-f263cad89bb5">
      <Execution id="156dc302-ec58-45fd-8897-1ce15893c098" />
      <TestMethod codeBase="C:/Users/soundararajan/Documents/ArduinoIDEWrapper/ArduinoWrapper.Tests/bin/OpenCover/ArduinoIDEWrapper.Tests.DLL" adapterTypeName="Microsoft.VisualStudio.TestTools.TestTypes.Unit.UnitTestAdapter, Microsoft.VisualStudio.QualityTools.Tips.UnitTest.Adapter, Version=10.0.0.0, Culture=neutral, PublicKeyToken=b03f5f7f11d50a3a" className="ArduinoWrapper.Tests.IDE.Service.ArduinoIDETests, ArduinoIDEWrapper.Tests, Version=1.0.0.0, Culture=neutral, PublicKeyToken=null" name="TestForUnexpectedPath" />
    </UnitTest>
    <UnitTest name="Test_If_Library_Accessors_Works_Without_Exceptions" storage="c:\users\soundararajan\documents\arduinoidewrapper\arduinowrapper.tests\bin\opencover\arduinoidewrapper.tests.dll" id="6152b965-6ef7-b253-11d5-bd81aa288809">
      <Execution id="26f2ac70-de9f-4945-9faf-3fe5921d009a" />
      <TestMethod codeBase="C:/Users/soundararajan/Documents/ArduinoIDEWrapper/ArduinoWrapper.Tests/bin/OpenCover/ArduinoIDEWrapper.Tests.DLL" adapterTypeName="Microsoft.VisualStudio.TestTools.TestTypes.Unit.UnitTestAdapter, Microsoft.VisualStudio.QualityTools.Tips.UnitTest.Adapter, Version=10.0.0.0, Culture=neutral, PublicKeyToken=b03f5f7f11d50a3a" className="ArduinoWrapper.Tests.Library.Service.LibraryTests, ArduinoIDEWrapper.Tests, Version=1.0.0.0, Culture=neutral, PublicKeyToken=null" name="Test_If_Library_Accessors_Works_Without_Exceptions" />
    </UnitTest>
  </TestDefinitions>
  <TestLists>
    <TestList name="Results Not in a List" id="8c84fa94-04c1-424b-9868-57a2d4851a1d" />
    <TestList name="All Loaded Results" id="19431567-8539-422a-85d7-44ee4e166bda" />
  </TestLists>
  <TestEntries>
    <TestEntry testId="d97eceab-864b-b303-9cd7-bea4a86b789e" executionId="8e0514eb-23ea-49a0-8d6a-d0c4a5e946ca" testListId="8c84fa94-04c1-424b-9868-57a2d4851a1d" />
    <TestEntry testId="af2ae42d-6a70-4509-8ee7-ffa86713ae5b" executionId="c723a097-4786-44c0-bdce-af72ed4f2cfd" testListId="8c84fa94-04c1-424b-9868-57a2d4851a1d" />
    <TestEntry testId="0a6551a6-e8c6-3b31-070a-da1d9e7ad196" executionId="a4718cf3-3a82-4f41-936c-d10879ea5f20" testListId="8c84fa94-04c1-424b-9868-57a2d4851a1d" />
    <TestEntry testId="17349136-81c4-a831-462e-423b0ace677b" executionId="2203312d-2cc7-4551-898d-62e17bf297cb" testListId="8c84fa94-04c1-424b-9868-57a2d4851a1d" />
    <TestEntry testId="1c8f4412-ed5f-fec0-a611-3bebc5dce60e" executionId="8f510a5c-edf7-4ada-8c71-fc34d0b53903" testListId="8c84fa94-04c1-424b-9868-57a2d4851a1d" />
    <TestEntry testId="f7bdd147-d8af-1ca0-698b-ded82caed1fa" executionId="05e648b4-bb25-4a16-b72d-3cf13cbff6a7" testListId="8c84fa94-04c1-424b-9868-57a2d4851a1d" />
    <TestEntry testId="00ddab18-45a3-7525-b552-1755b9c3b941" executionId="b1ae9a0d-3a27-4c41-aafb-df480cc5d8d4" testListId="8c84fa94-04c1-424b-9868-57a2d4851a1d" />
    <TestEntry testId="efc713c5-fe8c-fd4b-1e61-f263cad89bb5" executionId="156dc302-ec58-45fd-8897-1ce15893c098" testListId="8c84fa94-04c1-424b-9868-57a2d4851a1d" />
    <TestEntry testId="db0a26d7-20ca-5e14-a363-4d9b915568f2" executionId="7420abee-506a-4e6a-8dfd-0a2a5d192a43" testListId="8c84fa94-04c1-424b-9868-57a2d4851a1d" />
    <TestEntry testId="6152b965-6ef7-b253-11d5-bd81aa288809" executionId="26f2ac70-de9f-4945-9faf-3fe5921d009a" testListId="8c84fa94-04c1-424b-9868-57a2d4851a1d" />
  </TestEntries>
  <Results>
    <UnitTestResult executionId="8e0514eb-23ea-49a0-8d6a-d0c4a5e946ca" testId="d97eceab-864b-b303-9cd7-bea4a86b789e" testName="Test_If_Examples_Are_Enumerated_Without_Errors" computerName="CRASHNBURN" duration="00:00:00.1956531" startTime="2014-03-07T22:15:19.5350137+05:30" endTime="2014-03-07T22:15:20.1287941+05:30" testType="13cdc9d9-ddb5-4fa4-a97d-d965ccfc6d4b" outcome="Passed" testListId="8c84fa94-04c1-424b-9868-57a2d4851a1d" relativeResultsDirectory="8e0514eb-23ea-49a0-8d6a-d0c4a5e946ca">
    </UnitTestResult>
    <UnitTestResult executionId="c723a097-4786-44c0-bdce-af72ed4f2cfd" testId="af2ae42d-6a70-4509-8ee7-ffa86713ae5b" testName="Throws_FileNotFoundException_When_File_Argument_Is_Empty" computerName="CRASHNBURN" duration="00:00:00.0138730" startTime="2014-03-07T22:15:20.1287941+05:30" endTime="2014-03-07T22:15:20.1444197+05:30" testType="13cdc9d9-ddb5-4fa4-a97d-d965ccfc6d4b" outcome="Passed" testListId="8c84fa94-04c1-424b-9868-57a2d4851a1d" relativeResultsDirectory="c723a097-4786-44c0-bdce-af72ed4f2cfd">
    </UnitTestResult>
    <UnitTestResult executionId="a4718cf3-3a82-4f41-936c-d10879ea5f20" testId="0a6551a6-e8c6-3b31-070a-da1d9e7ad196" testName="Throws_FileNotFoundException_When_File_Argument_Is_Null" computerName="CRASHNBURN" duration="00:00:00.0009294" startTime="2014-03-07T22:15:20.1600461+05:30" endTime="2014-03-07T22:15:20.1600461+05:30" testType="13cdc9d9-ddb5-4fa4-a97d-d965ccfc6d4b" outcome="Passed" testListId="8c84fa94-04c1-424b-9868-57a2d4851a1d" relativeResultsDirectory="a4718cf3-3a82-4f41-936c-d10879ea5f20">
    </UnitTestResult>
    <UnitTestResult executionId="2203312d-2cc7-4551-898d-62e17bf297cb" testId="17349136-81c4-a831-462e-423b0ace677b" testName="Throws_FileNotFoundException_When_File_Doesnt_Exist" computerName="CRASHNBURN" duration="00:00:00.0011884" startTime="2014-03-07T22:15:20.1600461+05:30" endTime="2014-03-07T22:15:20.1600461+05:30" testType="13cdc9d9-ddb5-4fa4-a97d-d965ccfc6d4b" outcome="Passed" testListId="8c84fa94-04c1-424b-9868-57a2d4851a1d" relativeResultsDirectory="2203312d-2cc7-4551-898d-62e17bf297cb">
    </UnitTestResult>
    <UnitTestResult executionId="8f510a5c-edf7-4ada-8c71-fc34d0b53903" testId="1c8f4412-ed5f-fec0-a611-3bebc5dce60e" testName="Test_If_The_IDE_Instance_Is_Created_Properly_And_All_Properties_Are_Are_Non_Null" computerName="CRASHNBURN" duration="00:00:00.0039854" startTime="2014-03-07T22:15:20.1756718+05:30" endTime="2014-03-07T22:15:20.1756718+05:30" testType="13cdc9d9-ddb5-4fa4-a97d-d965ccfc6d4b" outcome="Passed" testListId="8c84fa94-04c1-424b-9868-57a2d4851a1d" relativeResultsDirectory="8f510a5c-edf7-4ada-8c71-fc34d0b53903">
    </UnitTestResult>
    <UnitTestResult executionId="05e648b4-bb25-4a16-b72d-3cf13cbff6a7" testId="f7bdd147-d8af-1ca0-698b-ded82caed1fa" testName="TestForNull" computerName="CRASHNBURN" duration="00:00:00.0012693" startTime="2014-03-07T22:15:20.1756718+05:30" endTime="2014-03-07T22:15:20.1912994+05:30" testType="13cdc9d9-ddb5-4fa4-a97d-d965ccfc6d4b" outcome="Passed" testListId="8c84fa94-04c1-424b-9868-57a2d4851a1d" relativeResultsDirectory="05e648b4-bb25-4a16-b72d-3cf13cbff6a7">
    </UnitTestResult>
    <UnitTestResult executionId="b1ae9a0d-3a27-4c41-aafb-df480cc5d8d4" testId="00ddab18-45a3-7525-b552-1755b9c3b941" testName="TestForUnexpectedEmptyString" computerName="CRASHNBURN" duration="00:00:00.0011519" startTime="2014-03-07T22:15:20.1912994+05:30" endTime="2014-03-07T22:15:20.1912994+05:30" testType="13cdc9d9-ddb5-4fa4-a97d-d965ccfc6d4b" outcome="Passed" testListId="8c84fa94-04c1-424b-9868-57a2d4851a1d" relativeResultsDirectory="b1ae9a0d-3a27-4c41-aafb-df480cc5d8d4">
    </UnitTestResult>
    <UnitTestResult executionId="156dc302-ec58-45fd-8897-1ce15893c098" testId="efc713c5-fe8c-fd4b-1e61-f263cad89bb5" testName="TestForUnexpectedPath" computerName="CRASHNBURN" duration="00:00:00.0660178" startTime="2014-03-07T22:15:20.1912994+05:30" endTime="2014-03-07T22:15:20.2694279+05:30" testType="13cdc9d9-ddb5-4fa4-a97d-d965ccfc6d4b" outcome="Failed" testListId="8c84fa94-04c1-424b-9868-57a2d4851a1d" relativeResultsDirectory="156dc302-ec58-45fd-8897-1ce15893c098">
      <Output>
        <ErrorInfo>
          <Message>Test method ArduinoWrapper.Tests.IDE.Service.ArduinoIDETests.TestForUnexpectedPath threw exception System.ArgumentException, but exception System.IO.FileNotFoundException was expected. Exception message: System.ArgumentException: installBasePath</Message>
          <StackTrace>    at Arduino.IDE.ArduinoIDE..ctor(String installBasePath) in C:\Users\soundararajan\Documents\ArduinoIDEWrapper\ArduinoIDEWrapper\IDE.Service\ArduinoIDE.cs:line 14
   at ArduinoWrapper.Tests.IDE.Service.ArduinoIDETests.TestForUnexpectedPath() in C:\Users\soundararajan\Documents\ArduinoIDEWrapper\ArduinoWrapper.Tests\IDE.Service\ArduinoIDETests.cs:line 46
</StackTrace>
        </ErrorInfo>
      </Output>
    </UnitTestResult>
    <UnitTestResult executionId="7420abee-506a-4e6a-8dfd-0a2a5d192a43" testId="db0a26d7-20ca-5e14-a363-4d9b915568f2" testName="TestForNonNull" computerName="CRASHNBURN" duration="00:00:00.0026668" startTime="2014-03-07T22:15:20.2694279+05:30" endTime="2014-03-07T22:15:20.2850527+05:30" testType="13cdc9d9-ddb5-4fa4-a97d-d965ccfc6d4b" outcome="Passed" testListId="8c84fa94-04c1-424b-9868-57a2d4851a1d" relativeResultsDirectory="7420abee-506a-4e6a-8dfd-0a2a5d192a43">
    </UnitTestResult>
    <UnitTestResult executionId="26f2ac70-de9f-4945-9faf-3fe5921d009a" testId="6152b965-6ef7-b253-11d5-bd81aa288809" testName="Test_If_Library_Accessors_Works_Without_Exceptions" computerName="CRASHNBURN" duration="00:00:00.0379896" startTime="2014-03-07T22:15:20.2850527+05:30" endTime="2014-03-07T22:15:20.3319308+05:30" testType="13cdc9d9-ddb5-4fa4-a97d-d965ccfc6d4b" outcome="Failed" testListId="8c84fa94-04c1-424b-9868-57a2d4851a1d" relativeResultsDirectory="26f2ac70-de9f-4945-9faf-3fe5921d009a">
      <Output>
        <ErrorInfo>
          <Message>Assert.IsTrue failed. </Message>
          <StackTrace>   at ArduinoWrapper.Tests.Library.Service.LibraryTests.Test_If_Library_Accessors_Works_Without_Exceptions() in C:\Users\soundararajan\Documents\ArduinoIDEWrapper\ArduinoWrapper.Tests\Library.Service\Library.Tests.cs:line 30
</StackTrace>
        </ErrorInfo>
      </Output>
    </UnitTestResult>
  </Results>
</TestRun>