<?xml version="1.0" encoding="UTF-8"?>
<TestRun id="81c8a04d-a2b8-4104-a245-7ff6d1dc1ab6" name="soundararajan@CRASHNBURN 2014-03-05 12:00:38" runUser="crashnburn\soundararajan" xmlns="http://microsoft.com/schemas/VisualStudio/TeamTest/2010">
  <TestSettings name="Default Test Settings" id="21ffa24a-af03-4aa6-b4ec-a964f71c4f92">
    <Execution>
      <TestTypeSpecific />
      <AgentRule name="Execution Agents">
      </AgentRule>
    </Execution>
    <Deployment runDeploymentRoot="soundararajan_CRASHNBURN 2014-03-05 12_00_38" />
  </TestSettings>
  <Times creation="2014-03-05T12:00:38.4078598+05:30" queuing="2014-03-05T12:00:40.3125053+05:30" start="2014-03-05T12:00:40.5656741+05:30" finish="2014-03-05T12:00:41.5954514+05:30" />
  <ResultSummary outcome="Completed">
    <Counters total="3" executed="3" passed="3" error="0" failed="0" timeout="0" aborted="0" inconclusive="0" passedButRunAborted="0" notRunnable="0" notExecuted="0" disconnected="0" warning="0" completed="0" inProgress="0" pending="0" />
  </ResultSummary>
  <TestDefinitions>
    <UnitTest name="SimpleTest_LibraryAccessors" storage="c:\users\soundararajan\documents\arduinoidewrapper\arduinowrapper.tests\bin\opencover\arduinoidewrapper.tests.dll" id="ef6a847a-62c8-6b08-452e-9313197dde6c">
      <Execution id="e8efe24a-e146-4052-8bb5-fe04f0d7be96" />
      <TestMethod codeBase="C:/Users/soundararajan/Documents/ArduinoIDEWrapper/ArduinoWrapper.Tests/bin/OpenCover/ArduinoIDEWrapper.Tests.DLL" adapterTypeName="Microsoft.VisualStudio.TestTools.TestTypes.Unit.UnitTestAdapter, Microsoft.VisualStudio.QualityTools.Tips.UnitTest.Adapter, Version=10.0.0.0, Culture=neutral, PublicKeyToken=b03f5f7f11d50a3a" className="ArduinoWrapper.Tests.Library.Service.LibraryTests, ArduinoIDEWrapper.Tests, Version=1.0.0.0, Culture=neutral, PublicKeyToken=null" name="SimpleTest_LibraryAccessors" />
    </UnitTest>
    <UnitTest name="EnumerateExamplesTests" storage="c:\users\soundararajan\documents\arduinoidewrapper\arduinowrapper.tests\bin\opencover\arduinoidewrapper.tests.dll" id="72943606-96da-3753-0a45-b737b9da0c47">
      <Execution id="f1b7be0b-0a00-45cf-ae1a-0de803e26a09" />
      <TestMethod codeBase="C:/Users/soundararajan/Documents/ArduinoIDEWrapper/ArduinoWrapper.Tests/bin/OpenCover/ArduinoIDEWrapper.Tests.DLL" adapterTypeName="Microsoft.VisualStudio.TestTools.TestTypes.Unit.UnitTestAdapter, Microsoft.VisualStudio.QualityTools.Tips.UnitTest.Adapter, Version=10.0.0.0, Culture=neutral, PublicKeyToken=b03f5f7f11d50a3a" className="ArduinoWrapper.Tests.Example.Service.Tests.ArduinoExampleSketchTests, ArduinoIDEWrapper.Tests, Version=1.0.0.0, Culture=neutral, PublicKeyToken=null" name="EnumerateExamplesTests" />
    </UnitTest>
    <UnitTest name="TestMethod1" storage="c:\users\soundararajan\documents\arduinoidewrapper\arduinowrapper.tests\bin\opencover\arduinoidewrapper.tests.dll" id="c4b2bfe4-5fb4-b115-4471-46a4765548fe">
      <Execution id="511fdd78-654f-4740-b60a-4a70ebf5e26c" />
      <TestMethod codeBase="C:/Users/soundararajan/Documents/ArduinoIDEWrapper/ArduinoWrapper.Tests/bin/OpenCover/ArduinoIDEWrapper.Tests.DLL" adapterTypeName="Microsoft.VisualStudio.TestTools.TestTypes.Unit.UnitTestAdapter, Microsoft.VisualStudio.QualityTools.Tips.UnitTest.Adapter, Version=10.0.0.0, Culture=neutral, PublicKeyToken=b03f5f7f11d50a3a" className="ArduinoWrapper.Tests.UnitTest1, ArduinoIDEWrapper.Tests, Version=1.0.0.0, Culture=neutral, PublicKeyToken=null" name="TestMethod1" />
    </UnitTest>
  </TestDefinitions>
  <TestLists>
    <TestList name="Results Not in a List" id="8c84fa94-04c1-424b-9868-57a2d4851a1d" />
    <TestList name="All Loaded Results" id="19431567-8539-422a-85d7-44ee4e166bda" />
  </TestLists>
  <TestEntries>
    <TestEntry testId="72943606-96da-3753-0a45-b737b9da0c47" executionId="f1b7be0b-0a00-45cf-ae1a-0de803e26a09" testListId="8c84fa94-04c1-424b-9868-57a2d4851a1d" />
    <TestEntry testId="ef6a847a-62c8-6b08-452e-9313197dde6c" executionId="e8efe24a-e146-4052-8bb5-fe04f0d7be96" testListId="8c84fa94-04c1-424b-9868-57a2d4851a1d" />
    <TestEntry testId="c4b2bfe4-5fb4-b115-4471-46a4765548fe" executionId="511fdd78-654f-4740-b60a-4a70ebf5e26c" testListId="8c84fa94-04c1-424b-9868-57a2d4851a1d" />
  </TestEntries>
  <Results>
    <UnitTestResult executionId="f1b7be0b-0a00-45cf-ae1a-0de803e26a09" testId="72943606-96da-3753-0a45-b737b9da0c47" testName="EnumerateExamplesTests" computerName="CRASHNBURN" duration="00:00:00.2335115" startTime="2014-03-05T12:00:40.6727448+05:30" endTime="2014-03-05T12:00:41.4133248+05:30" testType="13cdc9d9-ddb5-4fa4-a97d-d965ccfc6d4b" outcome="Passed" testListId="8c84fa94-04c1-424b-9868-57a2d4851a1d" relativeResultsDirectory="f1b7be0b-0a00-45cf-ae1a-0de803e26a09">
    </UnitTestResult>
    <UnitTestResult executionId="e8efe24a-e146-4052-8bb5-fe04f0d7be96" testId="ef6a847a-62c8-6b08-452e-9313197dde6c" testName="SimpleTest_LibraryAccessors" computerName="CRASHNBURN" duration="00:00:00.0587420" startTime="2014-03-05T12:00:41.4223305+05:30" endTime="2014-03-05T12:00:41.4903759+05:30" testType="13cdc9d9-ddb5-4fa4-a97d-d965ccfc6d4b" outcome="Passed" testListId="8c84fa94-04c1-424b-9868-57a2d4851a1d" relativeResultsDirectory="e8efe24a-e146-4052-8bb5-fe04f0d7be96">
    </UnitTestResult>
    <UnitTestResult executionId="511fdd78-654f-4740-b60a-4a70ebf5e26c" testId="c4b2bfe4-5fb4-b115-4471-46a4765548fe" testName="TestMethod1" computerName="CRASHNBURN" duration="00:00:00.0007360" startTime="2014-03-05T12:00:41.4973824+05:30" endTime="2014-03-05T12:00:41.5063861+05:30" testType="13cdc9d9-ddb5-4fa4-a97d-d965ccfc6d4b" outcome="Passed" testListId="8c84fa94-04c1-424b-9868-57a2d4851a1d" relativeResultsDirectory="511fdd78-654f-4740-b60a-4a70ebf5e26c">
    </UnitTestResult>
  </Results>
</TestRun>