<?xml version="1.0" encoding="UTF-8"?>
<TestRun id="a725244d-1205-4bac-a82a-28619b3470cb" name="soundararajan@CRASHNBURN 2014-03-05 12:23:48" runUser="crashnburn\soundararajan" xmlns="http://microsoft.com/schemas/VisualStudio/TeamTest/2010">
  <TestSettings name="Default Test Settings" id="e711d084-fec9-467a-8cbc-d97b44e263bb">
    <Execution>
      <TestTypeSpecific />
      <AgentRule name="Execution Agents">
      </AgentRule>
    </Execution>
    <Deployment runDeploymentRoot="soundararajan_CRASHNBURN 2014-03-05 12_23_48" />
  </TestSettings>
  <Times creation="2014-03-05T12:23:48.6011992+05:30" queuing="2014-03-05T12:23:50.1922534+05:30" start="2014-03-05T12:23:50.4194018+05:30" finish="2014-03-05T12:23:51.3139951+05:30" />
  <ResultSummary outcome="Failed">
    <Counters total="6" executed="6" passed="5" error="0" failed="1" timeout="0" aborted="0" inconclusive="0" passedButRunAborted="0" notRunnable="0" notExecuted="0" disconnected="0" warning="0" completed="0" inProgress="0" pending="0" />
  </ResultSummary>
  <TestDefinitions>
    <UnitTest name="TestForUnexpectedNull" storage="c:\users\soundararajan\documents\arduinoidewrapper\arduinowrapper.tests\bin\opencover\arduinoidewrapper.tests.dll" id="b8c546c5-c393-45e7-75f5-e25da5fe6248">
      <Execution id="45f1b674-d53f-4e73-99d3-0037f2a13496" />
      <TestMethod codeBase="C:/Users/soundararajan/Documents/ArduinoIDEWrapper/ArduinoWrapper.Tests/bin/OpenCover/ArduinoIDEWrapper.Tests.DLL" adapterTypeName="Microsoft.VisualStudio.TestTools.TestTypes.Unit.UnitTestAdapter, Microsoft.VisualStudio.QualityTools.Tips.UnitTest.Adapter, Version=10.0.0.0, Culture=neutral, PublicKeyToken=b03f5f7f11d50a3a" className="ArduinoWrapper.Tests.IDE.Service.ArduinoIDETests, ArduinoIDEWrapper.Tests, Version=1.0.0.0, Culture=neutral, PublicKeyToken=null" name="TestForUnexpectedNull" />
    </UnitTest>
    <UnitTest name="TestForUnexpectedPath" storage="c:\users\soundararajan\documents\arduinoidewrapper\arduinowrapper.tests\bin\opencover\arduinoidewrapper.tests.dll" id="efc713c5-fe8c-fd4b-1e61-f263cad89bb5">
      <Execution id="22c0ba50-fc62-40e4-a079-87c7ee1de21a" />
      <TestMethod codeBase="C:/Users/soundararajan/Documents/ArduinoIDEWrapper/ArduinoWrapper.Tests/bin/OpenCover/ArduinoIDEWrapper.Tests.DLL" adapterTypeName="Microsoft.VisualStudio.TestTools.TestTypes.Unit.UnitTestAdapter, Microsoft.VisualStudio.QualityTools.Tips.UnitTest.Adapter, Version=10.0.0.0, Culture=neutral, PublicKeyToken=b03f5f7f11d50a3a" className="ArduinoWrapper.Tests.IDE.Service.ArduinoIDETests, ArduinoIDEWrapper.Tests, Version=1.0.0.0, Culture=neutral, PublicKeyToken=null" name="TestForUnexpectedPath" />
    </UnitTest>
    <UnitTest name="EnumerateExamplesTests" storage="c:\users\soundararajan\documents\arduinoidewrapper\arduinowrapper.tests\bin\opencover\arduinoidewrapper.tests.dll" id="72943606-96da-3753-0a45-b737b9da0c47">
      <Execution id="d9b497fe-e7b0-41bd-ae94-7313de4dff08" />
      <TestMethod codeBase="C:/Users/soundararajan/Documents/ArduinoIDEWrapper/ArduinoWrapper.Tests/bin/OpenCover/ArduinoIDEWrapper.Tests.DLL" adapterTypeName="Microsoft.VisualStudio.TestTools.TestTypes.Unit.UnitTestAdapter, Microsoft.VisualStudio.QualityTools.Tips.UnitTest.Adapter, Version=10.0.0.0, Culture=neutral, PublicKeyToken=b03f5f7f11d50a3a" className="ArduinoWrapper.Tests.Example.Service.Tests.ArduinoExampleSketchTests, ArduinoIDEWrapper.Tests, Version=1.0.0.0, Culture=neutral, PublicKeyToken=null" name="EnumerateExamplesTests" />
    </UnitTest>
    <UnitTest name="TestMethod1" storage="c:\users\soundararajan\documents\arduinoidewrapper\arduinowrapper.tests\bin\opencover\arduinoidewrapper.tests.dll" id="c4b2bfe4-5fb4-b115-4471-46a4765548fe">
      <Execution id="1012b872-c00f-41a5-8f36-72bf7ac1f420" />
      <TestMethod codeBase="C:/Users/soundararajan/Documents/ArduinoIDEWrapper/ArduinoWrapper.Tests/bin/OpenCover/ArduinoIDEWrapper.Tests.DLL" adapterTypeName="Microsoft.VisualStudio.TestTools.TestTypes.Unit.UnitTestAdapter, Microsoft.VisualStudio.QualityTools.Tips.UnitTest.Adapter, Version=10.0.0.0, Culture=neutral, PublicKeyToken=b03f5f7f11d50a3a" className="ArduinoWrapper.Tests.UnitTest1, ArduinoIDEWrapper.Tests, Version=1.0.0.0, Culture=neutral, PublicKeyToken=null" name="TestMethod1" />
    </UnitTest>
    <UnitTest name="TestForSurprises" storage="c:\users\soundararajan\documents\arduinoidewrapper\arduinowrapper.tests\bin\opencover\arduinoidewrapper.tests.dll" id="943fc398-5b9f-7fe5-26fb-3880ea41fe18">
      <Execution id="40662cd0-2e69-4379-9ba5-28cb6e2a13ba" />
      <TestMethod codeBase="C:/Users/soundararajan/Documents/ArduinoIDEWrapper/ArduinoWrapper.Tests/bin/OpenCover/ArduinoIDEWrapper.Tests.DLL" adapterTypeName="Microsoft.VisualStudio.TestTools.TestTypes.Unit.UnitTestAdapter, Microsoft.VisualStudio.QualityTools.Tips.UnitTest.Adapter, Version=10.0.0.0, Culture=neutral, PublicKeyToken=b03f5f7f11d50a3a" className="ArduinoWrapper.Tests.IDE.Service.ArduinoIDETests, ArduinoIDEWrapper.Tests, Version=1.0.0.0, Culture=neutral, PublicKeyToken=null" name="TestForSurprises" />
    </UnitTest>
    <UnitTest name="SimpleTest_LibraryAccessors" storage="c:\users\soundararajan\documents\arduinoidewrapper\arduinowrapper.tests\bin\opencover\arduinoidewrapper.tests.dll" id="ef6a847a-62c8-6b08-452e-9313197dde6c">
      <Execution id="25f7a2bf-415b-4de0-a28f-19dfd1105183" />
      <TestMethod codeBase="C:/Users/soundararajan/Documents/ArduinoIDEWrapper/ArduinoWrapper.Tests/bin/OpenCover/ArduinoIDEWrapper.Tests.DLL" adapterTypeName="Microsoft.VisualStudio.TestTools.TestTypes.Unit.UnitTestAdapter, Microsoft.VisualStudio.QualityTools.Tips.UnitTest.Adapter, Version=10.0.0.0, Culture=neutral, PublicKeyToken=b03f5f7f11d50a3a" className="ArduinoWrapper.Tests.Library.Service.LibraryTests, ArduinoIDEWrapper.Tests, Version=1.0.0.0, Culture=neutral, PublicKeyToken=null" name="SimpleTest_LibraryAccessors" />
    </UnitTest>
  </TestDefinitions>
  <TestLists>
    <TestList name="Results Not in a List" id="8c84fa94-04c1-424b-9868-57a2d4851a1d" />
    <TestList name="All Loaded Results" id="19431567-8539-422a-85d7-44ee4e166bda" />
  </TestLists>
  <TestEntries>
    <TestEntry testId="72943606-96da-3753-0a45-b737b9da0c47" executionId="d9b497fe-e7b0-41bd-ae94-7313de4dff08" testListId="8c84fa94-04c1-424b-9868-57a2d4851a1d" />
    <TestEntry testId="943fc398-5b9f-7fe5-26fb-3880ea41fe18" executionId="40662cd0-2e69-4379-9ba5-28cb6e2a13ba" testListId="8c84fa94-04c1-424b-9868-57a2d4851a1d" />
    <TestEntry testId="b8c546c5-c393-45e7-75f5-e25da5fe6248" executionId="45f1b674-d53f-4e73-99d3-0037f2a13496" testListId="8c84fa94-04c1-424b-9868-57a2d4851a1d" />
    <TestEntry testId="efc713c5-fe8c-fd4b-1e61-f263cad89bb5" executionId="22c0ba50-fc62-40e4-a079-87c7ee1de21a" testListId="8c84fa94-04c1-424b-9868-57a2d4851a1d" />
    <TestEntry testId="ef6a847a-62c8-6b08-452e-9313197dde6c" executionId="25f7a2bf-415b-4de0-a28f-19dfd1105183" testListId="8c84fa94-04c1-424b-9868-57a2d4851a1d" />
    <TestEntry testId="c4b2bfe4-5fb4-b115-4471-46a4765548fe" executionId="1012b872-c00f-41a5-8f36-72bf7ac1f420" testListId="8c84fa94-04c1-424b-9868-57a2d4851a1d" />
  </TestEntries>
  <Results>
    <UnitTestResult executionId="d9b497fe-e7b0-41bd-ae94-7313de4dff08" testId="72943606-96da-3753-0a45-b737b9da0c47" testName="EnumerateExamplesTests" computerName="CRASHNBURN" duration="00:00:00.1806552" startTime="2014-03-05T12:23:50.5114635+05:30" endTime="2014-03-05T12:23:51.0428143+05:30" testType="13cdc9d9-ddb5-4fa4-a97d-d965ccfc6d4b" outcome="Passed" testListId="8c84fa94-04c1-424b-9868-57a2d4851a1d" relativeResultsDirectory="d9b497fe-e7b0-41bd-ae94-7313de4dff08">
    </UnitTestResult>
    <UnitTestResult executionId="40662cd0-2e69-4379-9ba5-28cb6e2a13ba" testId="943fc398-5b9f-7fe5-26fb-3880ea41fe18" testName="TestForSurprises" computerName="CRASHNBURN" duration="00:00:00.0357524" startTime="2014-03-05T12:23:51.0478186+05:30" endTime="2014-03-05T12:23:51.0888460+05:30" testType="13cdc9d9-ddb5-4fa4-a97d-d965ccfc6d4b" outcome="Passed" testListId="8c84fa94-04c1-424b-9868-57a2d4851a1d" relativeResultsDirectory="40662cd0-2e69-4379-9ba5-28cb6e2a13ba">
    </UnitTestResult>
    <UnitTestResult executionId="45f1b674-d53f-4e73-99d3-0037f2a13496" testId="b8c546c5-c393-45e7-75f5-e25da5fe6248" testName="TestForUnexpectedNull" computerName="CRASHNBURN" duration="00:00:00.0104774" startTime="2014-03-05T12:23:51.0918469+05:30" endTime="2014-03-05T12:23:51.1068566+05:30" testType="13cdc9d9-ddb5-4fa4-a97d-d965ccfc6d4b" outcome="Passed" testListId="8c84fa94-04c1-424b-9868-57a2d4851a1d" relativeResultsDirectory="45f1b674-d53f-4e73-99d3-0037f2a13496">
    </UnitTestResult>
    <UnitTestResult executionId="22c0ba50-fc62-40e4-a079-87c7ee1de21a" testId="efc713c5-fe8c-fd4b-1e61-f263cad89bb5" testName="TestForUnexpectedPath" computerName="CRASHNBURN" duration="00:00:00.0702983" startTime="2014-03-05T12:23:51.1208667+05:30" endTime="2014-03-05T12:23:51.1969162+05:30" testType="13cdc9d9-ddb5-4fa4-a97d-d965ccfc6d4b" outcome="Failed" testListId="8c84fa94-04c1-424b-9868-57a2d4851a1d" relativeResultsDirectory="22c0ba50-fc62-40e4-a079-87c7ee1de21a">
      <Output>
        <ErrorInfo>
          <Message>Test method ArduinoWrapper.Tests.IDE.Service.ArduinoIDETests.TestForUnexpectedPath threw exception System.ArgumentException, but exception System.IO.FileNotFoundException was expected. Exception message: System.ArgumentException: installBasePath</Message>
          <StackTrace>    at Arduino.IDE.ArduinoIDE..ctor(String installBasePath) in C:\Users\soundararajan\Documents\ArduinoIDEWrapper\ArduinoIDEWrapper\IDE.Service\ArduinoIDE.cs:line 14
   at ArduinoWrapper.Tests.IDE.Service.ArduinoIDETests.TestForUnexpectedPath() in C:\Users\soundararajan\Documents\ArduinoIDEWrapper\ArduinoWrapper.Tests\IDE.Service\ArduinoIDE.cs:line 46
</StackTrace>
        </ErrorInfo>
      </Output>
    </UnitTestResult>
    <UnitTestResult executionId="25f7a2bf-415b-4de0-a28f-19dfd1105183" testId="ef6a847a-62c8-6b08-452e-9313197dde6c" testName="SimpleTest_LibraryAccessors" computerName="CRASHNBURN" duration="00:00:00.0342372" startTime="2014-03-05T12:23:51.1989179+05:30" endTime="2014-03-05T12:23:51.2379431+05:30" testType="13cdc9d9-ddb5-4fa4-a97d-d965ccfc6d4b" outcome="Passed" testListId="8c84fa94-04c1-424b-9868-57a2d4851a1d" relativeResultsDirectory="25f7a2bf-415b-4de0-a28f-19dfd1105183">
    </UnitTestResult>
    <UnitTestResult executionId="1012b872-c00f-41a5-8f36-72bf7ac1f420" testId="c4b2bfe4-5fb4-b115-4471-46a4765548fe" testName="TestMethod1" computerName="CRASHNBURN" duration="00:00:00.0006642" startTime="2014-03-05T12:23:51.2399453+05:30" endTime="2014-03-05T12:23:51.2459488+05:30" testType="13cdc9d9-ddb5-4fa4-a97d-d965ccfc6d4b" outcome="Passed" testListId="8c84fa94-04c1-424b-9868-57a2d4851a1d" relativeResultsDirectory="1012b872-c00f-41a5-8f36-72bf7ac1f420">
    </UnitTestResult>
  </Results>
</TestRun>