<?xml version="1.0" encoding="UTF-8"?>
<TestRun id="9f4f4663-453d-46d3-b391-20f0f3214006" name="soundararajan@CRASHNBURN 2014-03-05 12:33:25" runUser="crashnburn\soundararajan" xmlns="http://microsoft.com/schemas/VisualStudio/TeamTest/2010">
  <TestSettings name="Default Test Settings" id="91b59d05-8d3b-4d6a-b482-cbd542dd08b5">
    <Execution>
      <TestTypeSpecific />
      <AgentRule name="Execution Agents">
      </AgentRule>
    </Execution>
    <Deployment runDeploymentRoot="soundararajan_CRASHNBURN 2014-03-05 12_33_25" />
  </TestSettings>
  <Times creation="2014-03-05T12:33:25.7558302+05:30" queuing="2014-03-05T12:33:27.3478837+05:30" start="2014-03-05T12:33:27.5610233+05:30" finish="2014-03-05T12:33:28.4153872+05:30" />
  <ResultSummary outcome="Failed">
    <Counters total="5" executed="5" passed="4" error="0" failed="1" timeout="0" aborted="0" inconclusive="0" passedButRunAborted="0" notRunnable="0" notExecuted="0" disconnected="0" warning="0" completed="0" inProgress="0" pending="0" />
  </ResultSummary>
  <TestDefinitions>
    <UnitTest name="TestForSurprises" storage="c:\users\soundararajan\documents\arduinoidewrapper\arduinowrapper.tests\bin\opencover\arduinoidewrapper.tests.dll" id="943fc398-5b9f-7fe5-26fb-3880ea41fe18">
      <Execution id="0de64e86-7b43-4907-8cfd-859e2483f077" />
      <TestMethod codeBase="C:/Users/soundararajan/Documents/ArduinoIDEWrapper/ArduinoWrapper.Tests/bin/OpenCover/ArduinoIDEWrapper.Tests.DLL" adapterTypeName="Microsoft.VisualStudio.TestTools.TestTypes.Unit.UnitTestAdapter, Microsoft.VisualStudio.QualityTools.Tips.UnitTest.Adapter, Version=10.0.0.0, Culture=neutral, PublicKeyToken=b03f5f7f11d50a3a" className="ArduinoWrapper.Tests.IDE.Service.ArduinoIDETests, ArduinoIDEWrapper.Tests, Version=1.0.0.0, Culture=neutral, PublicKeyToken=null" name="TestForSurprises" />
    </UnitTest>
    <UnitTest name="SimpleTest_LibraryAccessors" storage="c:\users\soundararajan\documents\arduinoidewrapper\arduinowrapper.tests\bin\opencover\arduinoidewrapper.tests.dll" id="ef6a847a-62c8-6b08-452e-9313197dde6c">
      <Execution id="298c9906-64a9-4864-a845-bc54ea2786b3" />
      <TestMethod codeBase="C:/Users/soundararajan/Documents/ArduinoIDEWrapper/ArduinoWrapper.Tests/bin/OpenCover/ArduinoIDEWrapper.Tests.DLL" adapterTypeName="Microsoft.VisualStudio.TestTools.TestTypes.Unit.UnitTestAdapter, Microsoft.VisualStudio.QualityTools.Tips.UnitTest.Adapter, Version=10.0.0.0, Culture=neutral, PublicKeyToken=b03f5f7f11d50a3a" className="ArduinoWrapper.Tests.Library.Service.LibraryTests, ArduinoIDEWrapper.Tests, Version=1.0.0.0, Culture=neutral, PublicKeyToken=null" name="SimpleTest_LibraryAccessors" />
    </UnitTest>
    <UnitTest name="EnumerateExamplesTests" storage="c:\users\soundararajan\documents\arduinoidewrapper\arduinowrapper.tests\bin\opencover\arduinoidewrapper.tests.dll" id="72943606-96da-3753-0a45-b737b9da0c47">
      <Execution id="7ac8707f-fc6f-4ccf-b81e-fcd9fe8ce8f8" />
      <TestMethod codeBase="C:/Users/soundararajan/Documents/ArduinoIDEWrapper/ArduinoWrapper.Tests/bin/OpenCover/ArduinoIDEWrapper.Tests.DLL" adapterTypeName="Microsoft.VisualStudio.TestTools.TestTypes.Unit.UnitTestAdapter, Microsoft.VisualStudio.QualityTools.Tips.UnitTest.Adapter, Version=10.0.0.0, Culture=neutral, PublicKeyToken=b03f5f7f11d50a3a" className="ArduinoWrapper.Tests.Example.Service.Tests.ArduinoExampleSketchTests, ArduinoIDEWrapper.Tests, Version=1.0.0.0, Culture=neutral, PublicKeyToken=null" name="EnumerateExamplesTests" />
    </UnitTest>
    <UnitTest name="TestForUnexpectedPath" storage="c:\users\soundararajan\documents\arduinoidewrapper\arduinowrapper.tests\bin\opencover\arduinoidewrapper.tests.dll" id="efc713c5-fe8c-fd4b-1e61-f263cad89bb5">
      <Execution id="a58ecfdc-8f84-4cd3-8490-c0aa9a2e7352" />
      <TestMethod codeBase="C:/Users/soundararajan/Documents/ArduinoIDEWrapper/ArduinoWrapper.Tests/bin/OpenCover/ArduinoIDEWrapper.Tests.DLL" adapterTypeName="Microsoft.VisualStudio.TestTools.TestTypes.Unit.UnitTestAdapter, Microsoft.VisualStudio.QualityTools.Tips.UnitTest.Adapter, Version=10.0.0.0, Culture=neutral, PublicKeyToken=b03f5f7f11d50a3a" className="ArduinoWrapper.Tests.IDE.Service.ArduinoIDETests, ArduinoIDEWrapper.Tests, Version=1.0.0.0, Culture=neutral, PublicKeyToken=null" name="TestForUnexpectedPath" />
    </UnitTest>
    <UnitTest name="TestForUnexpectedNull" storage="c:\users\soundararajan\documents\arduinoidewrapper\arduinowrapper.tests\bin\opencover\arduinoidewrapper.tests.dll" id="b8c546c5-c393-45e7-75f5-e25da5fe6248">
      <Execution id="6dba4dab-05e3-488c-aef5-db29c89ad740" />
      <TestMethod codeBase="C:/Users/soundararajan/Documents/ArduinoIDEWrapper/ArduinoWrapper.Tests/bin/OpenCover/ArduinoIDEWrapper.Tests.DLL" adapterTypeName="Microsoft.VisualStudio.TestTools.TestTypes.Unit.UnitTestAdapter, Microsoft.VisualStudio.QualityTools.Tips.UnitTest.Adapter, Version=10.0.0.0, Culture=neutral, PublicKeyToken=b03f5f7f11d50a3a" className="ArduinoWrapper.Tests.IDE.Service.ArduinoIDETests, ArduinoIDEWrapper.Tests, Version=1.0.0.0, Culture=neutral, PublicKeyToken=null" name="TestForUnexpectedNull" />
    </UnitTest>
  </TestDefinitions>
  <TestLists>
    <TestList name="Results Not in a List" id="8c84fa94-04c1-424b-9868-57a2d4851a1d" />
    <TestList name="All Loaded Results" id="19431567-8539-422a-85d7-44ee4e166bda" />
  </TestLists>
  <TestEntries>
    <TestEntry testId="72943606-96da-3753-0a45-b737b9da0c47" executionId="7ac8707f-fc6f-4ccf-b81e-fcd9fe8ce8f8" testListId="8c84fa94-04c1-424b-9868-57a2d4851a1d" />
    <TestEntry testId="943fc398-5b9f-7fe5-26fb-3880ea41fe18" executionId="0de64e86-7b43-4907-8cfd-859e2483f077" testListId="8c84fa94-04c1-424b-9868-57a2d4851a1d" />
    <TestEntry testId="b8c546c5-c393-45e7-75f5-e25da5fe6248" executionId="6dba4dab-05e3-488c-aef5-db29c89ad740" testListId="8c84fa94-04c1-424b-9868-57a2d4851a1d" />
    <TestEntry testId="efc713c5-fe8c-fd4b-1e61-f263cad89bb5" executionId="a58ecfdc-8f84-4cd3-8490-c0aa9a2e7352" testListId="8c84fa94-04c1-424b-9868-57a2d4851a1d" />
    <TestEntry testId="ef6a847a-62c8-6b08-452e-9313197dde6c" executionId="298c9906-64a9-4864-a845-bc54ea2786b3" testListId="8c84fa94-04c1-424b-9868-57a2d4851a1d" />
  </TestEntries>
  <Results>
    <UnitTestResult executionId="7ac8707f-fc6f-4ccf-b81e-fcd9fe8ce8f8" testId="72943606-96da-3753-0a45-b737b9da0c47" testName="EnumerateExamplesTests" computerName="CRASHNBURN" duration="00:00:00.1907497" startTime="2014-03-05T12:33:27.6240660+05:30" endTime="2014-03-05T12:33:28.1852350+05:30" testType="13cdc9d9-ddb5-4fa4-a97d-d965ccfc6d4b" outcome="Passed" testListId="8c84fa94-04c1-424b-9868-57a2d4851a1d" relativeResultsDirectory="7ac8707f-fc6f-4ccf-b81e-fcd9fe8ce8f8">
    </UnitTestResult>
    <UnitTestResult executionId="0de64e86-7b43-4907-8cfd-859e2483f077" testId="943fc398-5b9f-7fe5-26fb-3880ea41fe18" testName="TestForSurprises" computerName="CRASHNBURN" duration="00:00:00.0039648" startTime="2014-03-05T12:33:28.1892381+05:30" endTime="2014-03-05T12:33:28.1992443+05:30" testType="13cdc9d9-ddb5-4fa4-a97d-d965ccfc6d4b" outcome="Passed" testListId="8c84fa94-04c1-424b-9868-57a2d4851a1d" relativeResultsDirectory="0de64e86-7b43-4907-8cfd-859e2483f077">
    </UnitTestResult>
    <UnitTestResult executionId="6dba4dab-05e3-488c-aef5-db29c89ad740" testId="b8c546c5-c393-45e7-75f5-e25da5fe6248" testName="TestForUnexpectedNull" computerName="CRASHNBURN" duration="00:00:00.0149543" startTime="2014-03-05T12:33:28.2072496+05:30" endTime="2014-03-05T12:33:28.2282637+05:30" testType="13cdc9d9-ddb5-4fa4-a97d-d965ccfc6d4b" outcome="Passed" testListId="8c84fa94-04c1-424b-9868-57a2d4851a1d" relativeResultsDirectory="6dba4dab-05e3-488c-aef5-db29c89ad740">
    </UnitTestResult>
    <UnitTestResult executionId="a58ecfdc-8f84-4cd3-8490-c0aa9a2e7352" testId="efc713c5-fe8c-fd4b-1e61-f263cad89bb5" testName="TestForUnexpectedPath" computerName="CRASHNBURN" duration="00:00:00.0629630" startTime="2014-03-05T12:33:28.2312659+05:30" endTime="2014-03-05T12:33:28.2993105+05:30" testType="13cdc9d9-ddb5-4fa4-a97d-d965ccfc6d4b" outcome="Failed" testListId="8c84fa94-04c1-424b-9868-57a2d4851a1d" relativeResultsDirectory="a58ecfdc-8f84-4cd3-8490-c0aa9a2e7352">
      <Output>
        <ErrorInfo>
          <Message>Test method ArduinoWrapper.Tests.IDE.Service.ArduinoIDETests.TestForUnexpectedPath threw exception System.ArgumentException, but exception System.IO.FileNotFoundException was expected. Exception message: System.ArgumentException: installBasePath</Message>
          <StackTrace>    at Arduino.IDE.ArduinoIDE..ctor(String installBasePath) in C:\Users\soundararajan\Documents\ArduinoIDEWrapper\ArduinoIDEWrapper\IDE.Service\ArduinoIDE.cs:line 14
   at ArduinoWrapper.Tests.IDE.Service.ArduinoIDETests.TestForUnexpectedPath() in C:\Users\soundararajan\Documents\ArduinoIDEWrapper\ArduinoWrapper.Tests\IDE.Service\ArduinoIDETests.cs:line 46
</StackTrace>
        </ErrorInfo>
      </Output>
    </UnitTestResult>
    <UnitTestResult executionId="298c9906-64a9-4864-a845-bc54ea2786b3" testId="ef6a847a-62c8-6b08-452e-9313197dde6c" testName="SimpleTest_LibraryAccessors" computerName="CRASHNBURN" duration="00:00:00.0361917" startTime="2014-03-05T12:33:28.3023131+05:30" endTime="2014-03-05T12:33:28.3433408+05:30" testType="13cdc9d9-ddb5-4fa4-a97d-d965ccfc6d4b" outcome="Passed" testListId="8c84fa94-04c1-424b-9868-57a2d4851a1d" relativeResultsDirectory="298c9906-64a9-4864-a845-bc54ea2786b3">
    </UnitTestResult>
  </Results>
</TestRun>