<?xml version="1.0" encoding="UTF-8"?>
<TestRun id="ef37a90f-28f8-4199-9f87-e16e51251809" name="soundararajan@CRASHNBURN 2014-03-07 19:47:09" runUser="crashnburn\soundararajan" xmlns="http://microsoft.com/schemas/VisualStudio/TeamTest/2010">
  <TestSettings name="Default Test Settings" id="c79636c3-7d69-45a5-a1bf-4593358e63ab">
    <Execution>
      <TestTypeSpecific />
      <AgentRule name="Execution Agents">
      </AgentRule>
    </Execution>
    <Deployment runDeploymentRoot="soundararajan_CRASHNBURN 2014-03-07 19_47_09" />
  </TestSettings>
  <Times creation="2014-03-07T19:47:09.8752795+05:30" queuing="2014-03-07T19:47:11.4847393+05:30" start="2014-03-07T19:47:11.7035000+05:30" finish="2014-03-07T19:47:12.6097996+05:30" />
  <ResultSummary outcome="Failed">
    <Counters total="6" executed="6" passed="5" error="0" failed="1" timeout="0" aborted="0" inconclusive="0" passedButRunAborted="0" notRunnable="0" notExecuted="0" disconnected="0" warning="0" completed="0" inProgress="0" pending="0" />
  </ResultSummary>
  <TestDefinitions>
    <UnitTest name="TestForUnexpectedNull" storage="c:\users\soundararajan\documents\arduinoidewrapper\arduinowrapper.tests\bin\opencover\arduinoidewrapper.tests.dll" id="b8c546c5-c393-45e7-75f5-e25da5fe6248">
      <Execution id="e4ba7681-309b-4f3c-b3cb-5e126feda952" />
      <TestMethod codeBase="C:/Users/soundararajan/Documents/ArduinoIDEWrapper/ArduinoWrapper.Tests/bin/OpenCover/ArduinoIDEWrapper.Tests.DLL" adapterTypeName="Microsoft.VisualStudio.TestTools.TestTypes.Unit.UnitTestAdapter, Microsoft.VisualStudio.QualityTools.Tips.UnitTest.Adapter, Version=10.0.0.0, Culture=neutral, PublicKeyToken=b03f5f7f11d50a3a" className="ArduinoWrapper.Tests.IDE.Service.ArduinoIDETests, ArduinoIDEWrapper.Tests, Version=1.0.0.0, Culture=neutral, PublicKeyToken=null" name="TestForUnexpectedNull" />
    </UnitTest>
    <UnitTest name="TestForNonNull" storage="c:\users\soundararajan\documents\arduinoidewrapper\arduinowrapper.tests\bin\opencover\arduinoidewrapper.tests.dll" id="db0a26d7-20ca-5e14-a363-4d9b915568f2">
      <Execution id="c2cd4930-fd35-4b20-9f02-4fa70bf886f4" />
      <TestMethod codeBase="C:/Users/soundararajan/Documents/ArduinoIDEWrapper/ArduinoWrapper.Tests/bin/OpenCover/ArduinoIDEWrapper.Tests.DLL" adapterTypeName="Microsoft.VisualStudio.TestTools.TestTypes.Unit.UnitTestAdapter, Microsoft.VisualStudio.QualityTools.Tips.UnitTest.Adapter, Version=10.0.0.0, Culture=neutral, PublicKeyToken=b03f5f7f11d50a3a" className="ArduinoWrapper.Tests.InstallationServiceTests, ArduinoIDEWrapper.Tests, Version=1.0.0.0, Culture=neutral, PublicKeyToken=null" name="TestForNonNull" />
    </UnitTest>
    <UnitTest name="TestForUnexpectedPath" storage="c:\users\soundararajan\documents\arduinoidewrapper\arduinowrapper.tests\bin\opencover\arduinoidewrapper.tests.dll" id="efc713c5-fe8c-fd4b-1e61-f263cad89bb5">
      <Execution id="6a97c579-6fcc-44e5-8d30-3ddff7e9c76e" />
      <TestMethod codeBase="C:/Users/soundararajan/Documents/ArduinoIDEWrapper/ArduinoWrapper.Tests/bin/OpenCover/ArduinoIDEWrapper.Tests.DLL" adapterTypeName="Microsoft.VisualStudio.TestTools.TestTypes.Unit.UnitTestAdapter, Microsoft.VisualStudio.QualityTools.Tips.UnitTest.Adapter, Version=10.0.0.0, Culture=neutral, PublicKeyToken=b03f5f7f11d50a3a" className="ArduinoWrapper.Tests.IDE.Service.ArduinoIDETests, ArduinoIDEWrapper.Tests, Version=1.0.0.0, Culture=neutral, PublicKeyToken=null" name="TestForUnexpectedPath" />
    </UnitTest>
    <UnitTest name="EnumerateExamplesTests" storage="c:\users\soundararajan\documents\arduinoidewrapper\arduinowrapper.tests\bin\opencover\arduinoidewrapper.tests.dll" id="72943606-96da-3753-0a45-b737b9da0c47">
      <Execution id="4c2d95cd-955b-4327-a1c2-7ec00b020ac3" />
      <TestMethod codeBase="C:/Users/soundararajan/Documents/ArduinoIDEWrapper/ArduinoWrapper.Tests/bin/OpenCover/ArduinoIDEWrapper.Tests.DLL" adapterTypeName="Microsoft.VisualStudio.TestTools.TestTypes.Unit.UnitTestAdapter, Microsoft.VisualStudio.QualityTools.Tips.UnitTest.Adapter, Version=10.0.0.0, Culture=neutral, PublicKeyToken=b03f5f7f11d50a3a" className="ArduinoWrapper.Tests.Example.Service.Tests.ArduinoExampleSketchTests, ArduinoIDEWrapper.Tests, Version=1.0.0.0, Culture=neutral, PublicKeyToken=null" name="EnumerateExamplesTests" />
    </UnitTest>
    <UnitTest name="TestForSurprises" storage="c:\users\soundararajan\documents\arduinoidewrapper\arduinowrapper.tests\bin\opencover\arduinoidewrapper.tests.dll" id="943fc398-5b9f-7fe5-26fb-3880ea41fe18">
      <Execution id="0122c5f4-2493-4118-a9fa-9b1dd89cb820" />
      <TestMethod codeBase="C:/Users/soundararajan/Documents/ArduinoIDEWrapper/ArduinoWrapper.Tests/bin/OpenCover/ArduinoIDEWrapper.Tests.DLL" adapterTypeName="Microsoft.VisualStudio.TestTools.TestTypes.Unit.UnitTestAdapter, Microsoft.VisualStudio.QualityTools.Tips.UnitTest.Adapter, Version=10.0.0.0, Culture=neutral, PublicKeyToken=b03f5f7f11d50a3a" className="ArduinoWrapper.Tests.IDE.Service.ArduinoIDETests, ArduinoIDEWrapper.Tests, Version=1.0.0.0, Culture=neutral, PublicKeyToken=null" name="TestForSurprises" />
    </UnitTest>
    <UnitTest name="SimpleTest_LibraryAccessors" storage="c:\users\soundararajan\documents\arduinoidewrapper\arduinowrapper.tests\bin\opencover\arduinoidewrapper.tests.dll" id="ef6a847a-62c8-6b08-452e-9313197dde6c">
      <Execution id="2ebfca3d-33b2-4501-be23-1fcaeff07783" />
      <TestMethod codeBase="C:/Users/soundararajan/Documents/ArduinoIDEWrapper/ArduinoWrapper.Tests/bin/OpenCover/ArduinoIDEWrapper.Tests.DLL" adapterTypeName="Microsoft.VisualStudio.TestTools.TestTypes.Unit.UnitTestAdapter, Microsoft.VisualStudio.QualityTools.Tips.UnitTest.Adapter, Version=10.0.0.0, Culture=neutral, PublicKeyToken=b03f5f7f11d50a3a" className="ArduinoWrapper.Tests.Library.Service.LibraryTests, ArduinoIDEWrapper.Tests, Version=1.0.0.0, Culture=neutral, PublicKeyToken=null" name="SimpleTest_LibraryAccessors" />
    </UnitTest>
  </TestDefinitions>
  <TestLists>
    <TestList name="Results Not in a List" id="8c84fa94-04c1-424b-9868-57a2d4851a1d" />
    <TestList name="All Loaded Results" id="19431567-8539-422a-85d7-44ee4e166bda" />
  </TestLists>
  <TestEntries>
    <TestEntry testId="72943606-96da-3753-0a45-b737b9da0c47" executionId="4c2d95cd-955b-4327-a1c2-7ec00b020ac3" testListId="8c84fa94-04c1-424b-9868-57a2d4851a1d" />
    <TestEntry testId="943fc398-5b9f-7fe5-26fb-3880ea41fe18" executionId="0122c5f4-2493-4118-a9fa-9b1dd89cb820" testListId="8c84fa94-04c1-424b-9868-57a2d4851a1d" />
    <TestEntry testId="b8c546c5-c393-45e7-75f5-e25da5fe6248" executionId="e4ba7681-309b-4f3c-b3cb-5e126feda952" testListId="8c84fa94-04c1-424b-9868-57a2d4851a1d" />
    <TestEntry testId="efc713c5-fe8c-fd4b-1e61-f263cad89bb5" executionId="6a97c579-6fcc-44e5-8d30-3ddff7e9c76e" testListId="8c84fa94-04c1-424b-9868-57a2d4851a1d" />
    <TestEntry testId="db0a26d7-20ca-5e14-a363-4d9b915568f2" executionId="c2cd4930-fd35-4b20-9f02-4fa70bf886f4" testListId="8c84fa94-04c1-424b-9868-57a2d4851a1d" />
    <TestEntry testId="ef6a847a-62c8-6b08-452e-9313197dde6c" executionId="2ebfca3d-33b2-4501-be23-1fcaeff07783" testListId="8c84fa94-04c1-424b-9868-57a2d4851a1d" />
  </TestEntries>
  <Results>
    <UnitTestResult executionId="4c2d95cd-955b-4327-a1c2-7ec00b020ac3" testId="72943606-96da-3753-0a45-b737b9da0c47" testName="EnumerateExamplesTests" computerName="CRASHNBURN" duration="00:00:00.1991196" startTime="2014-03-07T19:47:11.7816321+05:30" endTime="2014-03-07T19:47:12.3754125+05:30" testType="13cdc9d9-ddb5-4fa4-a97d-d965ccfc6d4b" outcome="Passed" testListId="8c84fa94-04c1-424b-9868-57a2d4851a1d" relativeResultsDirectory="4c2d95cd-955b-4327-a1c2-7ec00b020ac3">
    </UnitTestResult>
    <UnitTestResult executionId="0122c5f4-2493-4118-a9fa-9b1dd89cb820" testId="943fc398-5b9f-7fe5-26fb-3880ea41fe18" testName="TestForSurprises" computerName="CRASHNBURN" duration="00:00:00.0054588" startTime="2014-03-07T19:47:12.3754125+05:30" endTime="2014-03-07T19:47:12.3910369+05:30" testType="13cdc9d9-ddb5-4fa4-a97d-d965ccfc6d4b" outcome="Passed" testListId="8c84fa94-04c1-424b-9868-57a2d4851a1d" relativeResultsDirectory="0122c5f4-2493-4118-a9fa-9b1dd89cb820">
    </UnitTestResult>
    <UnitTestResult executionId="e4ba7681-309b-4f3c-b3cb-5e126feda952" testId="b8c546c5-c393-45e7-75f5-e25da5fe6248" testName="TestForUnexpectedNull" computerName="CRASHNBURN" duration="00:00:00.0163805" startTime="2014-03-07T19:47:12.3910369+05:30" endTime="2014-03-07T19:47:12.4222902+05:30" testType="13cdc9d9-ddb5-4fa4-a97d-d965ccfc6d4b" outcome="Passed" testListId="8c84fa94-04c1-424b-9868-57a2d4851a1d" relativeResultsDirectory="e4ba7681-309b-4f3c-b3cb-5e126feda952">
    </UnitTestResult>
    <UnitTestResult executionId="6a97c579-6fcc-44e5-8d30-3ddff7e9c76e" testId="efc713c5-fe8c-fd4b-1e61-f263cad89bb5" testName="TestForUnexpectedPath" computerName="CRASHNBURN" duration="00:00:00.0677276" startTime="2014-03-07T19:47:12.4222902+05:30" endTime="2014-03-07T19:47:12.4847918+05:30" testType="13cdc9d9-ddb5-4fa4-a97d-d965ccfc6d4b" outcome="Failed" testListId="8c84fa94-04c1-424b-9868-57a2d4851a1d" relativeResultsDirectory="6a97c579-6fcc-44e5-8d30-3ddff7e9c76e">
      <Output>
        <ErrorInfo>
          <Message>Test method ArduinoWrapper.Tests.IDE.Service.ArduinoIDETests.TestForUnexpectedPath threw exception System.ArgumentException, but exception System.IO.FileNotFoundException was expected. Exception message: System.ArgumentException: installBasePath</Message>
          <StackTrace>    at Arduino.IDE.ArduinoIDE..ctor(String installBasePath) in C:\Users\soundararajan\Documents\ArduinoIDEWrapper\ArduinoIDEWrapper\IDE.Service\ArduinoIDE.cs:line 14
   at ArduinoWrapper.Tests.IDE.Service.ArduinoIDETests.TestForUnexpectedPath() in C:\Users\soundararajan\Documents\ArduinoIDEWrapper\ArduinoWrapper.Tests\IDE.Service\ArduinoIDETests.cs:line 47
</StackTrace>
        </ErrorInfo>
      </Output>
    </UnitTestResult>
    <UnitTestResult executionId="c2cd4930-fd35-4b20-9f02-4fa70bf886f4" testId="db0a26d7-20ca-5e14-a363-4d9b915568f2" testName="TestForNonNull" computerName="CRASHNBURN" duration="00:00:00.0027324" startTime="2014-03-07T19:47:12.4847918+05:30" endTime="2014-03-07T19:47:12.5004179+05:30" testType="13cdc9d9-ddb5-4fa4-a97d-d965ccfc6d4b" outcome="Passed" testListId="8c84fa94-04c1-424b-9868-57a2d4851a1d" relativeResultsDirectory="c2cd4930-fd35-4b20-9f02-4fa70bf886f4">
    </UnitTestResult>
    <UnitTestResult executionId="2ebfca3d-33b2-4501-be23-1fcaeff07783" testId="ef6a847a-62c8-6b08-452e-9313197dde6c" testName="SimpleTest_LibraryAccessors" computerName="CRASHNBURN" duration="00:00:00.0396342" startTime="2014-03-07T19:47:12.5004179+05:30" endTime="2014-03-07T19:47:12.5472963+05:30" testType="13cdc9d9-ddb5-4fa4-a97d-d965ccfc6d4b" outcome="Passed" testListId="8c84fa94-04c1-424b-9868-57a2d4851a1d" relativeResultsDirectory="2ebfca3d-33b2-4501-be23-1fcaeff07783">
    </UnitTestResult>
  </Results>
</TestRun>